[     334ms] [WARNING] Error with Permissions-Policy header: Unrecognized feature: 'ambient-light-sensor'. @ :0
[     334ms] [WARNING] Error with Permissions-Policy header: Unrecognized feature: 'battery'. @ :0
[     334ms] [WARNING] Error with Permissions-Policy header: Unrecognized feature: 'document-domain'. @ :0
[     334ms] [WARNING] Error with Permissions-Policy header: Unrecognized feature: 'execution-while-not-rendered'. @ :0
[     334ms] [WARNING] Error with Permissions-Policy header: Unrecognized feature: 'execution-while-out-of-viewport'. @ :0
[     334ms] [WARNING] Error with Permissions-Policy header: Unrecognized feature: 'speaker-selection'. @ :0
[     395ms] [ERROR] Failed to load resource: the server responded with a status of 401 () @ https://pypi.org/_fs-ch-1T1wmsGaOgGaSxcX/pat?token=AQRtfoffmKVtkdD45LFHO-n4tl1zUfAWGSmRGwU3XpinTCCw5JmAm3lj1kHmtYd54IhLOJO8XsK7OQ9R-Vqq3ZcXPq7mtd-SQ3xiGnY3RuxgLNMymK2KINE2GGhE9ZBNPU2LIcPwpPky23BDYtjSt382Inuti24wjBcAHkGlc4JfDvlXVjdKr129QE4v_k0KU_Njb1f4uO3oQn8df6_YuYaxd1sFXad8VU8TSVgUsORXWmvDPmMZ-paWvagXjhFY-zMsKIL7oUyPUbetSnSxQ_CzhibbeDOZ88VYmLaKld6YrwMAP7AKnEQFOlq4-ZD51eq5OjK9120d6YK_SKHaCjJQla2AeAJmkULGMalU-wL6nunge0Aiav-pTNYgjEViXV2Sgr4UiD35gQDziIDRg6BC4IcUPKfabu-8j3-8pwl7:0
[     395ms] [LOG] PAT challenge aborted. @ https://pypi.org/_fs-ch-1T1wmsGaOgGaSxcX/script.js?reload=true:0
[     435ms] [ERROR] Failed to load resource: the server responded with a status of 404 () @ https://pypi.org/fastly/logo:0
[     438ms] [LOG] Challenge: ZclUhht2xWbcx42I => 71725c85b33fb92bc834ffdd59c530458121143e8dfd9d1af961f8d6582d725d @ https://pypi.org/_fs-ch-1T1wmsGaOgGaSxcX/script.js?reload=true:0
[     446ms] [LOG] found answer: vu @ https://pypi.org/_fs-ch-1T1wmsGaOgGaSxcX/script.js?reload=true:0
[     978ms] [WARNING] Error with Permissions-Policy header: Unrecognized feature: 'ambient-light-sensor'. @ :0
[     978ms] [WARNING] Error with Permissions-Policy header: Unrecognized feature: 'battery'. @ :0
[     978ms] [WARNING] Error with Permissions-Policy header: Unrecognized feature: 'document-domain'. @ :0
[     978ms] [WARNING] Error with Permissions-Policy header: Unrecognized feature: 'execution-while-not-rendered'. @ :0
[     978ms] [WARNING] Error with Permissions-Policy header: Unrecognized feature: 'execution-while-out-of-viewport'. @ :0
[     978ms] [WARNING] Error with Permissions-Policy header: Unrecognized feature: 'speaker-selection'. @ :0
[    1199ms] Error: No ad placements found.
    at w (https://media.ethicalads.io/media/client/v1.4.0/ethicalads.min.js:1:11867)
    at https://media.ethicalads.io/media/client/v1.4.0/ethicalads.min.js:1:12977
