[    1680ms] [WARNING] <link rel=preload> must have a valid `as` value @ https://www.spglobal.com/ratings/en:11
[    2077ms] [WARNING] Failed parsing 'srcset' attribute value since it has an unknown descriptor. @ :0
[    2077ms] [WARNING] Dropped srcset candidate "https://spglobal.scene7.com/is/image/spglobalcom/Ratings_Hero_1920x1080" @ :0
[    2077ms] [WARNING] Failed parsing 'srcset' attribute value since it has an unknown descriptor. @ :0
[    2077ms] [WARNING] Dropped srcset candidate "https://spglobal.scene7.com/is/image/spglobalcom/Ratings_Hero_1920x1080" @ :0
[    2077ms] [WARNING] Failed parsing 'srcset' attribute value since it has an unknown descriptor. @ :0
[    2077ms] [WARNING] Dropped srcset candidate "https://spglobal.scene7.com/is/image/spglobalcom/Ratings_Hero_1920x1080" @ :0
[    2988ms] [WARNING] Adobe Client Data Layer v2.0.2 has already been imported/initialized on this page. You may be erroneously loading it a second time. @ https://cdn.rollbar.com/rollbarjs/refs/tags/v2.26.4/rollbar.min.js:0
[    3443ms] [WARNING] Failed parsing 'srcset' attribute value since it has an unknown descriptor. @ https://www.spglobal.com/etc.clientlibs/sp-aem-platform/clientlibs/platform-app/clientlib-web-comp/clientlib-dependencies.min.ae7c5b31aa6e705be71aec2cfe281a0c.js:0
[    3443ms] [WARNING] Dropped srcset candidate "https://spglobal.scene7.com/is/image/spglobalcom/Fund" @ https://www.spglobal.com/etc.clientlibs/sp-aem-platform/clientlibs/platform-app/clientlib-web-comp/clientlib-dependencies.min.ae7c5b31aa6e705be71aec2cfe281a0c.js:0
[    3443ms] [WARNING] Failed parsing 'srcset' attribute value since it has an unknown descriptor. @ https://www.spglobal.com/etc.clientlibs/sp-aem-platform/clientlibs/platform-app/clientlib-web-comp/clientlib-dependencies.min.ae7c5b31aa6e705be71aec2cfe281a0c.js:0
[    3443ms] [WARNING] Dropped srcset candidate "https://spglobal.scene7.com/is/image/spglobalcom/Fund" @ https://www.spglobal.com/etc.clientlibs/sp-aem-platform/clientlibs/platform-app/clientlib-web-comp/clientlib-dependencies.min.ae7c5b31aa6e705be71aec2cfe281a0c.js:0
[    3443ms] [WARNING] Failed parsing 'srcset' attribute value since it has an unknown descriptor. @ https://www.spglobal.com/etc.clientlibs/sp-aem-platform/clientlibs/platform-app/clientlib-web-comp/clientlib-dependencies.min.ae7c5b31aa6e705be71aec2cfe281a0c.js:0
[    3443ms] [WARNING] Dropped srcset candidate "https://spglobal.scene7.com/is/image/spglobalcom/Fund" @ https://www.spglobal.com/etc.clientlibs/sp-aem-platform/clientlibs/platform-app/clientlib-web-comp/clientlib-dependencies.min.ae7c5b31aa6e705be71aec2cfe281a0c.js:0
[    3443ms] [WARNING] Failed parsing 'srcset' attribute value since it has an unknown descriptor. @ https://www.spglobal.com/etc.clientlibs/sp-aem-platform/clientlibs/platform-app/clientlib-web-comp/clientlib-dependencies.min.ae7c5b31aa6e705be71aec2cfe281a0c.js:0
[    3443ms] [WARNING] Dropped srcset candidate "https://spglobal.scene7.com/is/image/spglobalcom/Fund" @ https://www.spglobal.com/etc.clientlibs/sp-aem-platform/clientlibs/platform-app/clientlib-web-comp/clientlib-dependencies.min.ae7c5b31aa6e705be71aec2cfe281a0c.js:0
[    3443ms] [WARNING] Failed parsing 'srcset' attribute value since it has an unknown descriptor. @ https://www.spglobal.com/etc.clientlibs/sp-aem-platform/clientlibs/platform-app/clientlib-web-comp/clientlib-dependencies.min.ae7c5b31aa6e705be71aec2cfe281a0c.js:0
[    3443ms] [WARNING] Dropped srcset candidate "https://spglobal.scene7.com/is/image/spglobalcom/Fund" @ https://www.spglobal.com/etc.clientlibs/sp-aem-platform/clientlibs/platform-app/clientlib-web-comp/clientlib-dependencies.min.ae7c5b31aa6e705be71aec2cfe281a0c.js:0
[    3443ms] [WARNING] Failed parsing 'srcset' attribute value since it has an unknown descriptor. @ https://www.spglobal.com/etc.clientlibs/sp-aem-platform/clientlibs/platform-app/clientlib-web-comp/clientlib-dependencies.min.ae7c5b31aa6e705be71aec2cfe281a0c.js:0
[    3443ms] [WARNING] Dropped srcset candidate "https://spglobal.scene7.com/is/image/spglobalcom/Fund" @ https://www.spglobal.com/etc.clientlibs/sp-aem-platform/clientlibs/platform-app/clientlib-web-comp/clientlib-dependencies.min.ae7c5b31aa6e705be71aec2cfe281a0c.js:0
[    3443ms] [WARNING] Failed parsing 'srcset' attribute value since it has an unknown descriptor. @ https://www.spglobal.com/etc.clientlibs/sp-aem-platform/clientlibs/platform-app/clientlib-web-comp/clientlib-dependencies.min.ae7c5b31aa6e705be71aec2cfe281a0c.js:0
[    3443ms] [WARNING] Dropped srcset candidate "https://spglobal.scene7.com/is/image/spglobalcom/spg-data" @ https://www.spglobal.com/etc.clientlibs/sp-aem-platform/clientlibs/platform-app/clientlib-web-comp/clientlib-dependencies.min.ae7c5b31aa6e705be71aec2cfe281a0c.js:0
[    3443ms] [WARNING] Failed parsing 'srcset' attribute value since it has an unknown descriptor. @ https://www.spglobal.com/etc.clientlibs/sp-aem-platform/clientlibs/platform-app/clientlib-web-comp/clientlib-dependencies.min.ae7c5b31aa6e705be71aec2cfe281a0c.js:0
[    3443ms] [WARNING] Dropped srcset candidate "https://spglobal.scene7.com/is/image/spglobalcom/spg-data" @ https://www.spglobal.com/etc.clientlibs/sp-aem-platform/clientlibs/platform-app/clientlib-web-comp/clientlib-dependencies.min.ae7c5b31aa6e705be71aec2cfe281a0c.js:0
[    3443ms] [WARNING] Failed parsing 'srcset' attribute value since it has an unknown descriptor. @ https://www.spglobal.com/etc.clientlibs/sp-aem-platform/clientlibs/platform-app/clientlib-web-comp/clientlib-dependencies.min.ae7c5b31aa6e705be71aec2cfe281a0c.js:0
[    3443ms] [WARNING] Dropped srcset candidate "https://spglobal.scene7.com/is/image/spglobalcom/spg-data" @ https://www.spglobal.com/etc.clientlibs/sp-aem-platform/clientlibs/platform-app/clientlib-web-comp/clientlib-dependencies.min.ae7c5b31aa6e705be71aec2cfe281a0c.js:0
[    3444ms] [WARNING] Failed parsing 'srcset' attribute value since it has an unknown descriptor. @ https://www.spglobal.com/etc.clientlibs/sp-aem-platform/clientlibs/platform-app/clientlib-web-comp/clientlib-dependencies.min.ae7c5b31aa6e705be71aec2cfe281a0c.js:0
[    3444ms] [WARNING] Dropped srcset candidate "https://spglobal.scene7.com/is/image/spglobalcom/spg-data" @ https://www.spglobal.com/etc.clientlibs/sp-aem-platform/clientlibs/platform-app/clientlib-web-comp/clientlib-dependencies.min.ae7c5b31aa6e705be71aec2cfe281a0c.js:0
[    3444ms] [WARNING] Failed parsing 'srcset' attribute value since it has an unknown descriptor. @ https://www.spglobal.com/etc.clientlibs/sp-aem-platform/clientlibs/platform-app/clientlib-web-comp/clientlib-dependencies.min.ae7c5b31aa6e705be71aec2cfe281a0c.js:0
[    3444ms] [WARNING] Dropped srcset candidate "https://spglobal.scene7.com/is/image/spglobalcom/spg-data" @ https://www.spglobal.com/etc.clientlibs/sp-aem-platform/clientlibs/platform-app/clientlib-web-comp/clientlib-dependencies.min.ae7c5b31aa6e705be71aec2cfe281a0c.js:0
[    3444ms] [WARNING] Failed parsing 'srcset' attribute value since it has an unknown descriptor. @ https://www.spglobal.com/etc.clientlibs/sp-aem-platform/clientlibs/platform-app/clientlib-web-comp/clientlib-dependencies.min.ae7c5b31aa6e705be71aec2cfe281a0c.js:0
[    3444ms] [WARNING] Dropped srcset candidate "https://spglobal.scene7.com/is/image/spglobalcom/spg-data" @ https://www.spglobal.com/etc.clientlibs/sp-aem-platform/clientlibs/platform-app/clientlib-web-comp/clientlib-dependencies.min.ae7c5b31aa6e705be71aec2cfe281a0c.js:0
[    3466ms] [WARNING] Failed parsing 'srcset' attribute value since it has an unknown descriptor. @ https://www.spglobal.com/etc.clientlibs/sp-aem-platform/clientlibs/platform-app/clientlib-web-comp/clientlib-dependencies.min.ae7c5b31aa6e705be71aec2cfe281a0c.js:0
[    3466ms] [WARNING] Dropped srcset candidate "https://spglobal.scene7.com/is/image/spglobalcom/spg-business" @ https://www.spglobal.com/etc.clientlibs/sp-aem-platform/clientlibs/platform-app/clientlib-web-comp/clientlib-dependencies.min.ae7c5b31aa6e705be71aec2cfe281a0c.js:0
[    3466ms] [WARNING] Failed parsing 'srcset' attribute value since it has an unknown descriptor. @ https://www.spglobal.com/etc.clientlibs/sp-aem-platform/clientlibs/platform-app/clientlib-web-comp/clientlib-dependencies.min.ae7c5b31aa6e705be71aec2cfe281a0c.js:0
[    3466ms] [WARNING] Dropped srcset candidate "https://spglobal.scene7.com/is/image/spglobalcom/spg-business" @ https://www.spglobal.com/etc.clientlibs/sp-aem-platform/clientlibs/platform-app/clientlib-web-comp/clientlib-dependencies.min.ae7c5b31aa6e705be71aec2cfe281a0c.js:0
[    3466ms] [WARNING] Failed parsing 'srcset' attribute value since it has an unknown descriptor. @ https://www.spglobal.com/etc.clientlibs/sp-aem-platform/clientlibs/platform-app/clientlib-web-comp/clientlib-dependencies.min.ae7c5b31aa6e705be71aec2cfe281a0c.js:0
[    3466ms] [WARNING] Dropped srcset candidate "https://spglobal.scene7.com/is/image/spglobalcom/spg-business" @ https://www.spglobal.com/etc.clientlibs/sp-aem-platform/clientlibs/platform-app/clientlib-web-comp/clientlib-dependencies.min.ae7c5b31aa6e705be71aec2cfe281a0c.js:0
[    3466ms] [WARNING] Failed parsing 'srcset' attribute value since it has an unknown descriptor. @ https://www.spglobal.com/etc.clientlibs/sp-aem-platform/clientlibs/platform-app/clientlib-web-comp/clientlib-dependencies.min.ae7c5b31aa6e705be71aec2cfe281a0c.js:0
[    3466ms] [WARNING] Dropped srcset candidate "https://spglobal.scene7.com/is/image/spglobalcom/spg-business" @ https://www.spglobal.com/etc.clientlibs/sp-aem-platform/clientlibs/platform-app/clientlib-web-comp/clientlib-dependencies.min.ae7c5b31aa6e705be71aec2cfe281a0c.js:0
[    3466ms] [WARNING] Failed parsing 'srcset' attribute value since it has an unknown descriptor. @ https://www.spglobal.com/etc.clientlibs/sp-aem-platform/clientlibs/platform-app/clientlib-web-comp/clientlib-dependencies.min.ae7c5b31aa6e705be71aec2cfe281a0c.js:0
[    3466ms] [WARNING] Dropped srcset candidate "https://spglobal.scene7.com/is/image/spglobalcom/spg-business" @ https://www.spglobal.com/etc.clientlibs/sp-aem-platform/clientlibs/platform-app/clientlib-web-comp/clientlib-dependencies.min.ae7c5b31aa6e705be71aec2cfe281a0c.js:0
[    3466ms] [WARNING] Failed parsing 'srcset' attribute value since it has an unknown descriptor. @ https://www.spglobal.com/etc.clientlibs/sp-aem-platform/clientlibs/platform-app/clientlib-web-comp/clientlib-dependencies.min.ae7c5b31aa6e705be71aec2cfe281a0c.js:0
[    3466ms] [WARNING] Dropped srcset candidate "https://spglobal.scene7.com/is/image/spglobalcom/spg-business" @ https://www.spglobal.com/etc.clientlibs/sp-aem-platform/clientlibs/platform-app/clientlib-web-comp/clientlib-dependencies.min.ae7c5b31aa6e705be71aec2cfe281a0c.js:0
[    3546ms] [WARNING] Failed parsing 'srcset' attribute value since it has an unknown descriptor. @ https://www.spglobal.com/etc.clientlibs/sp-aem-platform/clientlibs/platform-app/clientlib-web-comp/clientlib-dependencies.min.ae7c5b31aa6e705be71aec2cfe281a0c.js:0
[    3546ms] [WARNING] Dropped srcset candidate "https://spglobal.scene7.com/is/image/spglobalcom/IStock" @ https://www.spglobal.com/etc.clientlibs/sp-aem-platform/clientlibs/platform-app/clientlib-web-comp/clientlib-dependencies.min.ae7c5b31aa6e705be71aec2cfe281a0c.js:0
[    3546ms] [WARNING] Failed parsing 'srcset' attribute value since it has an unknown descriptor. @ https://www.spglobal.com/etc.clientlibs/sp-aem-platform/clientlibs/platform-app/clientlib-web-comp/clientlib-dependencies.min.ae7c5b31aa6e705be71aec2cfe281a0c.js:0
[    3546ms] [WARNING] Dropped srcset candidate "https://spglobal.scene7.com/is/image/spglobalcom/IStock" @ https://www.spglobal.com/etc.clientlibs/sp-aem-platform/clientlibs/platform-app/clientlib-web-comp/clientlib-dependencies.min.ae7c5b31aa6e705be71aec2cfe281a0c.js:0
[    3546ms] [WARNING] Failed parsing 'srcset' attribute value since it has an unknown descriptor. @ https://www.spglobal.com/etc.clientlibs/sp-aem-platform/clientlibs/platform-app/clientlib-web-comp/clientlib-dependencies.min.ae7c5b31aa6e705be71aec2cfe281a0c.js:0
[    3546ms] [WARNING] Dropped srcset candidate "https://spglobal.scene7.com/is/image/spglobalcom/IStock" @ https://www.spglobal.com/etc.clientlibs/sp-aem-platform/clientlibs/platform-app/clientlib-web-comp/clientlib-dependencies.min.ae7c5b31aa6e705be71aec2cfe281a0c.js:0
[    3546ms] [WARNING] Failed parsing 'srcset' attribute value since it has an unknown descriptor. @ https://www.spglobal.com/etc.clientlibs/sp-aem-platform/clientlibs/platform-app/clientlib-web-comp/clientlib-dependencies.min.ae7c5b31aa6e705be71aec2cfe281a0c.js:0
[    3546ms] [WARNING] Dropped srcset candidate "https://spglobal.scene7.com/is/image/spglobalcom/IStock" @ https://www.spglobal.com/etc.clientlibs/sp-aem-platform/clientlibs/platform-app/clientlib-web-comp/clientlib-dependencies.min.ae7c5b31aa6e705be71aec2cfe281a0c.js:0
[    3546ms] [WARNING] Failed parsing 'srcset' attribute value since it has an unknown descriptor. @ https://www.spglobal.com/etc.clientlibs/sp-aem-platform/clientlibs/platform-app/clientlib-web-comp/clientlib-dependencies.min.ae7c5b31aa6e705be71aec2cfe281a0c.js:0
[    3546ms] [WARNING] Dropped srcset candidate "https://spglobal.scene7.com/is/image/spglobalcom/IStock" @ https://www.spglobal.com/etc.clientlibs/sp-aem-platform/clientlibs/platform-app/clientlib-web-comp/clientlib-dependencies.min.ae7c5b31aa6e705be71aec2cfe281a0c.js:0
[    3546ms] [WARNING] Failed parsing 'srcset' attribute value since it has an unknown descriptor. @ https://www.spglobal.com/etc.clientlibs/sp-aem-platform/clientlibs/platform-app/clientlib-web-comp/clientlib-dependencies.min.ae7c5b31aa6e705be71aec2cfe281a0c.js:0
[    3546ms] [WARNING] Dropped srcset candidate "https://spglobal.scene7.com/is/image/spglobalcom/IStock" @ https://www.spglobal.com/etc.clientlibs/sp-aem-platform/clientlibs/platform-app/clientlib-web-comp/clientlib-dependencies.min.ae7c5b31aa6e705be71aec2cfe281a0c.js:0
[    5116ms] [LOG] Exception for Adobe Advertising script errorReferenceError: OnetrustActiveGroups is not defined @ https://cdn.rollbar.com/rollbarjs/refs/tags/v2.26.4/rollbar.min.js:0
[    5118ms] [LOG] Exception for Cheq hidden fieldReferenceError: OnetrustActiveGroups is not defined @ https://cdn.rollbar.com/rollbarjs/refs/tags/v2.26.4/rollbar.min.js:0
[    5118ms] [LOG] MARKETING floodlight - global snippet @ https://cdn.rollbar.com/rollbarjs/refs/tags/v2.26.4/rollbar.min.js:0
[    5118ms] [LOG] Exception in RTP Tracking code pixelReferenceError: OnetrustActiveGroups is not defined @ https://cdn.rollbar.com/rollbarjs/refs/tags/v2.26.4/rollbar.min.js:0
[    5118ms] [LOG] SCRIPT podsightReferenceError: OnetrustActiveGroups is not defined @ https://cdn.rollbar.com/rollbarjs/refs/tags/v2.26.4/rollbar.min.js:0
[    5118ms] [LOG] Exception in LinkedInReferenceError: OnetrustActiveGroups is not defined @ https://cdn.rollbar.com/rollbarjs/refs/tags/v2.26.4/rollbar.min.js:0
[    5118ms] [LOG] Exception in MARKETING google ads - all pages pixelReferenceError: OnetrustActiveGroups is not defined @ https://cdn.rollbar.com/rollbarjs/refs/tags/v2.26.4/rollbar.min.js:0
[    5526ms] [LOG] Exception in Stackadapt Tag pixelReferenceError: OnetrustActiveGroups is not defined @ https://cdn.rollbar.com/rollbarjs/refs/tags/v2.26.4/rollbar.min.js:0
[    5526ms] [LOG] 6sense pixel errorReferenceError: OnetrustActiveGroups is not defined @ https://cdn.rollbar.com/rollbarjs/refs/tags/v2.26.4/rollbar.min.js:0
[    5526ms] [LOG] Exception in MARKETING google ads - all pages pixelReferenceError: OnetrustActiveGroups is not defined @ https://cdn.rollbar.com/rollbarjs/refs/tags/v2.26.4/rollbar.min.js:0
[    5526ms] [LOG] Exception in Adwords pixelReferenceError: OnetrustActiveGroups is not defined @ https://cdn.rollbar.com/rollbarjs/refs/tags/v2.26.4/rollbar.min.js:0
[    5526ms] [LOG] 6sense pixel errorReferenceError: OnetrustActiveGroups is not defined @ https://cdn.rollbar.com/rollbarjs/refs/tags/v2.26.4/rollbar.min.js:0
[    5526ms] [LOG] Exception in MARKETING google ads - all pages pixelReferenceError: OnetrustActiveGroups is not defined @ https://cdn.rollbar.com/rollbarjs/refs/tags/v2.26.4/rollbar.min.js:0
[    5526ms] [LOG] Exception in MARKETING google ads - all pages pixelReferenceError: OnetrustActiveGroups is not defined @ https://cdn.rollbar.com/rollbarjs/refs/tags/v2.26.4/rollbar.min.js:0
[    5526ms] [LOG] exception in OktopostReferenceError: OnetrustActiveGroups is not defined @ https://cdn.rollbar.com/rollbarjs/refs/tags/v2.26.4/rollbar.min.js:0
[    5526ms] [LOG] Exception in MARKETING google ads - all pages pixelReferenceError: OnetrustActiveGroups is not defined @ https://cdn.rollbar.com/rollbarjs/refs/tags/v2.26.4/rollbar.min.js:0
[    5526ms] [LOG] Exception in cheqReferenceError: OnetrustActiveGroups is not defined @ https://cdn.rollbar.com/rollbarjs/refs/tags/v2.26.4/rollbar.min.js:0
[    5526ms] [LOG] Exception in Adwords Remarketing pixelReferenceError: OnetrustActiveGroups is not defined @ https://cdn.rollbar.com/rollbarjs/refs/tags/v2.26.4/rollbar.min.js:0
[    5526ms] [LOG] Exception in Bing UET v2 pixelReferenceError: OnetrustActiveGroups is not defined @ https://cdn.rollbar.com/rollbarjs/refs/tags/v2.26.4/rollbar.min.js:0
[    5526ms] [LOG] MARKETING floodlight - global snippet @ https://cdn.rollbar.com/rollbarjs/refs/tags/v2.26.4/rollbar.min.js:0
[    5526ms] [LOG] Exception in Idio pixelReferenceError: OnetrustActiveGroups is not defined @ https://cdn.rollbar.com/rollbarjs/refs/tags/v2.26.4/rollbar.min.js:0
[    5527ms] [LOG] Reddit exception for MIReferenceError: OnetrustActiveGroups is not defined @ https://cdn.rollbar.com/rollbarjs/refs/tags/v2.26.4/rollbar.min.js:0
[    5527ms] [LOG] Exception in MARKETING google ads - all pages pixelReferenceError: OnetrustActiveGroups is not defined @ https://cdn.rollbar.com/rollbarjs/refs/tags/v2.26.4/rollbar.min.js:0
[    5527ms] [LOG] Exception in MARKETING google ads - all pages pixelReferenceError: OnetrustActiveGroups is not defined @ https://cdn.rollbar.com/rollbarjs/refs/tags/v2.26.4/rollbar.min.js:0
[    5527ms] [LOG] 6sense pixel errorReferenceError: OnetrustActiveGroups is not defined @ https://cdn.rollbar.com/rollbarjs/refs/tags/v2.26.4/rollbar.min.js:0
[    5527ms] [LOG] Exception in MARKETING google ads - all pages pixelReferenceError: OnetrustActiveGroups is not defined @ https://cdn.rollbar.com/rollbarjs/refs/tags/v2.26.4/rollbar.min.js:0
[    6036ms] [LOG] 🔥 onBeforeEventSend fired @ https://cdn.rollbar.com/rollbarjs/refs/tags/v2.26.4/rollbar.min.js:0
[    6036ms] [LOG] onBefore Event object: {xdm: Object, data: Object} @ https://cdn.rollbar.com/rollbarjs/refs/tags/v2.26.4/rollbar.min.js:0
[    6037ms] [LOG] onBefore isPageView: true @ https://cdn.rollbar.com/rollbarjs/refs/tags/v2.26.4/rollbar.min.js:0
[    6037ms] [LOG] onBefore window.__lastHitWasPageView set to TRUE @ https://cdn.rollbar.com/rollbarjs/refs/tags/v2.26.4/rollbar.min.js:0
[    6210ms] [LOG] {destinations: Array(0), propositions: Array(0), decisions: Array(0), $type: adobe-alloy.send-event-complete, $rule: Object} @ https://cdn.rollbar.com/rollbarjs/refs/tags/v2.26.4/rollbar.min.js:0
[    6210ms] [LOG] Page load time saved: 0.00 s @ https://cdn.rollbar.com/rollbarjs/refs/tags/v2.26.4/rollbar.min.js:0
[    6224ms] [LOG] 🔥 onBeforeEventSend fired @ https://cdn.rollbar.com/rollbarjs/refs/tags/v2.26.4/rollbar.min.js:0
[    6224ms] [LOG] onBefore Event object: {xdm: Object, data: Object} @ https://cdn.rollbar.com/rollbarjs/refs/tags/v2.26.4/rollbar.min.js:0
[    6224ms] [LOG] onBefore isPageView: false @ https://cdn.rollbar.com/rollbarjs/refs/tags/v2.26.4/rollbar.min.js:0
[    6278ms] [ERROR] Failed to load resource: net::ERR_FAILED @ chrome-extension://invalid/:0
[    6337ms] [LOG] 🔥 onBeforeEventSend fired @ https://cdn.rollbar.com/rollbarjs/refs/tags/v2.26.4/rollbar.min.js:0
[    6337ms] [LOG] onBefore Event object: {xdm: Object, data: Object} @ https://cdn.rollbar.com/rollbarjs/refs/tags/v2.26.4/rollbar.min.js:0
[    6337ms] [LOG] onBefore isPageView: false @ https://cdn.rollbar.com/rollbarjs/refs/tags/v2.26.4/rollbar.min.js:0
[   14400ms] [WARNING] The resource https://www.spglobal.com/etc.clientlibs/sp-aem-platform/clientlibs/platform-app/clientlib-resources/resources/fonts/webfonts/fa-duotone-900.woff2 was preloaded using link preload but not used within a few seconds from the window's load event. Please make sure it has an appropriate `as` value and it is preloaded intentionally. @ https://www.spglobal.com/ratings/en:0
[   14400ms] [WARNING] The resource https://www.spglobal.com/etc.clientlibs/sp-aem-platform/clientlibs/platform-app/clientlib-resources/resources/fonts/webfonts/fa-thin-100.woff2 was preloaded using link preload but not used within a few seconds from the window's load event. Please make sure it has an appropriate `as` value and it is preloaded intentionally. @ https://www.spglobal.com/ratings/en:0
[   14400ms] [WARNING] The resource https://www.spglobal.com/etc.clientlibs/sp-aem-platform/clientlibs/platform-app/clientlib-resources/resources/fonts/webfonts/fa-v4compatibility.woff2 was preloaded using link preload but not used within a few seconds from the window's load event. Please make sure it has an appropriate `as` value and it is preloaded intentionally. @ https://www.spglobal.com/ratings/en:0
[   19421ms] [WARNING] The resource https://www.spglobal.com/etc.clientlibs/sp-aem-platform/clientlibs/platform-app/clientlib-resources/resources/fonts/webfonts/fa-duotone-900.woff2 was preloaded using link preload but not used within a few seconds from the window's load event. Please make sure it has an appropriate `as` value and it is preloaded intentionally. @ https://www.spglobal.com/ratings/en:0
[   19421ms] [WARNING] The resource https://www.spglobal.com/etc.clientlibs/sp-aem-platform/clientlibs/platform-app/clientlib-resources/resources/fonts/webfonts/fa-thin-100.woff2 was preloaded using link preload but not used within a few seconds from the window's load event. Please make sure it has an appropriate `as` value and it is preloaded intentionally. @ https://www.spglobal.com/ratings/en:0
[   19421ms] [WARNING] The resource https://www.spglobal.com/etc.clientlibs/sp-aem-platform/clientlibs/platform-app/clientlib-resources/resources/fonts/webfonts/fa-v4compatibility.woff2 was preloaded using link preload but not used within a few seconds from the window's load event. Please make sure it has an appropriate `as` value and it is preloaded intentionally. @ https://www.spglobal.com/ratings/en:0
[   24442ms] [WARNING] The resource https://www.spglobal.com/etc.clientlibs/sp-aem-platform/clientlibs/platform-app/clientlib-resources/resources/fonts/webfonts/fa-duotone-900.woff2 was preloaded using link preload but not used within a few seconds from the window's load event. Please make sure it has an appropriate `as` value and it is preloaded intentionally. @ https://www.spglobal.com/ratings/en:0
[   24442ms] [WARNING] The resource https://www.spglobal.com/etc.clientlibs/sp-aem-platform/clientlibs/platform-app/clientlib-resources/resources/fonts/webfonts/fa-thin-100.woff2 was preloaded using link preload but not used within a few seconds from the window's load event. Please make sure it has an appropriate `as` value and it is preloaded intentionally. @ https://www.spglobal.com/ratings/en:0
[   24442ms] [WARNING] The resource https://www.spglobal.com/etc.clientlibs/sp-aem-platform/clientlibs/platform-app/clientlib-resources/resources/fonts/webfonts/fa-v4compatibility.woff2 was preloaded using link preload but not used within a few seconds from the window's load event. Please make sure it has an appropriate `as` value and it is preloaded intentionally. @ https://www.spglobal.com/ratings/en:0
[   39510ms] [WARNING] The resource https://www.spglobal.com/etc.clientlibs/sp-aem-platform/clientlibs/platform-app/clientlib-resources/resources/fonts/webfonts/fa-duotone-900.woff2 was preloaded using link preload but not used within a few seconds from the window's load event. Please make sure it has an appropriate `as` value and it is preloaded intentionally. @ https://www.spglobal.com/ratings/en:0
[   39510ms] [WARNING] The resource https://www.spglobal.com/etc.clientlibs/sp-aem-platform/clientlibs/platform-app/clientlib-resources/resources/fonts/webfonts/fa-thin-100.woff2 was preloaded using link preload but not used within a few seconds from the window's load event. Please make sure it has an appropriate `as` value and it is preloaded intentionally. @ https://www.spglobal.com/ratings/en:0
[   39511ms] [WARNING] The resource https://www.spglobal.com/etc.clientlibs/sp-aem-platform/clientlibs/platform-app/clientlib-resources/resources/fonts/webfonts/fa-v4compatibility.woff2 was preloaded using link preload but not used within a few seconds from the window's load event. Please make sure it has an appropriate `as` value and it is preloaded intentionally. @ https://www.spglobal.com/ratings/en:0
[   69382ms] [WARNING] The resource https://www.spglobal.com/etc.clientlibs/sp-aem-platform/clientlibs/platform-app/clientlib-resources/resources/fonts/webfonts/fa-duotone-900.woff2 was preloaded using link preload but not used within a few seconds from the window's load event. Please make sure it has an appropriate `as` value and it is preloaded intentionally. @ https://www.spglobal.com/ratings/en:0
[   69382ms] [WARNING] The resource https://www.spglobal.com/etc.clientlibs/sp-aem-platform/clientlibs/platform-app/clientlib-resources/resources/fonts/webfonts/fa-thin-100.woff2 was preloaded using link preload but not used within a few seconds from the window's load event. Please make sure it has an appropriate `as` value and it is preloaded intentionally. @ https://www.spglobal.com/ratings/en:0
[   69382ms] [WARNING] The resource https://www.spglobal.com/etc.clientlibs/sp-aem-platform/clientlibs/platform-app/clientlib-resources/resources/fonts/webfonts/fa-v4compatibility.woff2 was preloaded using link preload but not used within a few seconds from the window's load event. Please make sure it has an appropriate `as` value and it is preloaded intentionally. @ https://www.spglobal.com/ratings/en:0
[  189416ms] [WARNING] The resource https://www.spglobal.com/etc.clientlibs/sp-aem-platform/clientlibs/platform-app/clientlib-resources/resources/fonts/webfonts/fa-duotone-900.woff2 was preloaded using link preload but not used within a few seconds from the window's load event. Please make sure it has an appropriate `as` value and it is preloaded intentionally. @ https://www.spglobal.com/ratings/en:0
[  189416ms] [WARNING] The resource https://www.spglobal.com/etc.clientlibs/sp-aem-platform/clientlibs/platform-app/clientlib-resources/resources/fonts/webfonts/fa-thin-100.woff2 was preloaded using link preload but not used within a few seconds from the window's load event. Please make sure it has an appropriate `as` value and it is preloaded intentionally. @ https://www.spglobal.com/ratings/en:0
[  189416ms] [WARNING] The resource https://www.spglobal.com/etc.clientlibs/sp-aem-platform/clientlibs/platform-app/clientlib-resources/resources/fonts/webfonts/fa-v4compatibility.woff2 was preloaded using link preload but not used within a few seconds from the window's load event. Please make sure it has an appropriate `as` value and it is preloaded intentionally. @ https://www.spglobal.com/ratings/en:0
[  607399ms] [WARNING] The resource https://www.spglobal.com/etc.clientlibs/sp-aem-platform/clientlibs/platform-app/clientlib-resources/resources/fonts/webfonts/fa-duotone-900.woff2 was preloaded using link preload but not used within a few seconds from the window's load event. Please make sure it has an appropriate `as` value and it is preloaded intentionally. @ https://www.spglobal.com/ratings/en:0
[  607399ms] [WARNING] The resource https://www.spglobal.com/etc.clientlibs/sp-aem-platform/clientlibs/platform-app/clientlib-resources/resources/fonts/webfonts/fa-thin-100.woff2 was preloaded using link preload but not used within a few seconds from the window's load event. Please make sure it has an appropriate `as` value and it is preloaded intentionally. @ https://www.spglobal.com/ratings/en:0
[  607399ms] [WARNING] The resource https://www.spglobal.com/etc.clientlibs/sp-aem-platform/clientlibs/platform-app/clientlib-resources/resources/fonts/webfonts/fa-v4compatibility.woff2 was preloaded using link preload but not used within a few seconds from the window's load event. Please make sure it has an appropriate `as` value and it is preloaded intentionally. @ https://www.spglobal.com/ratings/en:0
[ 1207667ms] [WARNING] The resource https://www.spglobal.com/etc.clientlibs/sp-aem-platform/clientlibs/platform-app/clientlib-resources/resources/fonts/webfonts/fa-duotone-900.woff2 was preloaded using link preload but not used within a few seconds from the window's load event. Please make sure it has an appropriate `as` value and it is preloaded intentionally. @ https://www.spglobal.com/ratings/en:0
[ 1207667ms] [WARNING] The resource https://www.spglobal.com/etc.clientlibs/sp-aem-platform/clientlibs/platform-app/clientlib-resources/resources/fonts/webfonts/fa-thin-100.woff2 was preloaded using link preload but not used within a few seconds from the window's load event. Please make sure it has an appropriate `as` value and it is preloaded intentionally. @ https://www.spglobal.com/ratings/en:0
[ 1207667ms] [WARNING] The resource https://www.spglobal.com/etc.clientlibs/sp-aem-platform/clientlibs/platform-app/clientlib-resources/resources/fonts/webfonts/fa-v4compatibility.woff2 was preloaded using link preload but not used within a few seconds from the window's load event. Please make sure it has an appropriate `as` value and it is preloaded intentionally. @ https://www.spglobal.com/ratings/en:0
[ 1807441ms] [WARNING] The resource https://www.spglobal.com/etc.clientlibs/sp-aem-platform/clientlibs/platform-app/clientlib-resources/resources/fonts/webfonts/fa-duotone-900.woff2 was preloaded using link preload but not used within a few seconds from the window's load event. Please make sure it has an appropriate `as` value and it is preloaded intentionally. @ https://www.spglobal.com/ratings/en:0
[ 1807441ms] [WARNING] The resource https://www.spglobal.com/etc.clientlibs/sp-aem-platform/clientlibs/platform-app/clientlib-resources/resources/fonts/webfonts/fa-thin-100.woff2 was preloaded using link preload but not used within a few seconds from the window's load event. Please make sure it has an appropriate `as` value and it is preloaded intentionally. @ https://www.spglobal.com/ratings/en:0
[ 1807441ms] [WARNING] The resource https://www.spglobal.com/etc.clientlibs/sp-aem-platform/clientlibs/platform-app/clientlib-resources/resources/fonts/webfonts/fa-v4compatibility.woff2 was preloaded using link preload but not used within a few seconds from the window's load event. Please make sure it has an appropriate `as` value and it is preloaded intentionally. @ https://www.spglobal.com/ratings/en:0
[ 2407385ms] [WARNING] The resource https://www.spglobal.com/etc.clientlibs/sp-aem-platform/clientlibs/platform-app/clientlib-resources/resources/fonts/webfonts/fa-duotone-900.woff2 was preloaded using link preload but not used within a few seconds from the window's load event. Please make sure it has an appropriate `as` value and it is preloaded intentionally. @ https://www.spglobal.com/ratings/en:0
[ 2407385ms] [WARNING] The resource https://www.spglobal.com/etc.clientlibs/sp-aem-platform/clientlibs/platform-app/clientlib-resources/resources/fonts/webfonts/fa-thin-100.woff2 was preloaded using link preload but not used within a few seconds from the window's load event. Please make sure it has an appropriate `as` value and it is preloaded intentionally. @ https://www.spglobal.com/ratings/en:0
[ 2407385ms] [WARNING] The resource https://www.spglobal.com/etc.clientlibs/sp-aem-platform/clientlibs/platform-app/clientlib-resources/resources/fonts/webfonts/fa-v4compatibility.woff2 was preloaded using link preload but not used within a few seconds from the window's load event. Please make sure it has an appropriate `as` value and it is preloaded intentionally. @ https://www.spglobal.com/ratings/en:0
[ 3007495ms] [WARNING] The resource https://www.spglobal.com/etc.clientlibs/sp-aem-platform/clientlibs/platform-app/clientlib-resources/resources/fonts/webfonts/fa-duotone-900.woff2 was preloaded using link preload but not used within a few seconds from the window's load event. Please make sure it has an appropriate `as` value and it is preloaded intentionally. @ https://www.spglobal.com/ratings/en:0
[ 3007495ms] [WARNING] The resource https://www.spglobal.com/etc.clientlibs/sp-aem-platform/clientlibs/platform-app/clientlib-resources/resources/fonts/webfonts/fa-thin-100.woff2 was preloaded using link preload but not used within a few seconds from the window's load event. Please make sure it has an appropriate `as` value and it is preloaded intentionally. @ https://www.spglobal.com/ratings/en:0
[ 3007495ms] [WARNING] The resource https://www.spglobal.com/etc.clientlibs/sp-aem-platform/clientlibs/platform-app/clientlib-resources/resources/fonts/webfonts/fa-v4compatibility.woff2 was preloaded using link preload but not used within a few seconds from the window's load event. Please make sure it has an appropriate `as` value and it is preloaded intentionally. @ https://www.spglobal.com/ratings/en:0
[ 3607420ms] [WARNING] The resource https://www.spglobal.com/etc.clientlibs/sp-aem-platform/clientlibs/platform-app/clientlib-resources/resources/fonts/webfonts/fa-duotone-900.woff2 was preloaded using link preload but not used within a few seconds from the window's load event. Please make sure it has an appropriate `as` value and it is preloaded intentionally. @ https://www.spglobal.com/ratings/en:0
[ 3607421ms] [WARNING] The resource https://www.spglobal.com/etc.clientlibs/sp-aem-platform/clientlibs/platform-app/clientlib-resources/resources/fonts/webfonts/fa-thin-100.woff2 was preloaded using link preload but not used within a few seconds from the window's load event. Please make sure it has an appropriate `as` value and it is preloaded intentionally. @ https://www.spglobal.com/ratings/en:0
[ 3607421ms] [WARNING] The resource https://www.spglobal.com/etc.clientlibs/sp-aem-platform/clientlibs/platform-app/clientlib-resources/resources/fonts/webfonts/fa-v4compatibility.woff2 was preloaded using link preload but not used within a few seconds from the window's load event. Please make sure it has an appropriate `as` value and it is preloaded intentionally. @ https://www.spglobal.com/ratings/en:0
[ 3907559ms] [WARNING] The resource https://www.spglobal.com/etc.clientlibs/sp-aem-platform/clientlibs/platform-app/clientlib-resources/resources/fonts/webfonts/fa-duotone-900.woff2 was preloaded using link preload but not used within a few seconds from the window's load event. Please make sure it has an appropriate `as` value and it is preloaded intentionally. @ https://www.spglobal.com/ratings/en:0
[ 3907560ms] [WARNING] The resource https://www.spglobal.com/etc.clientlibs/sp-aem-platform/clientlibs/platform-app/clientlib-resources/resources/fonts/webfonts/fa-thin-100.woff2 was preloaded using link preload but not used within a few seconds from the window's load event. Please make sure it has an appropriate `as` value and it is preloaded intentionally. @ https://www.spglobal.com/ratings/en:0
[ 3907560ms] [WARNING] The resource https://www.spglobal.com/etc.clientlibs/sp-aem-platform/clientlibs/platform-app/clientlib-resources/resources/fonts/webfonts/fa-v4compatibility.woff2 was preloaded using link preload but not used within a few seconds from the window's load event. Please make sure it has an appropriate `as` value and it is preloaded intentionally. @ https://www.spglobal.com/ratings/en:0
[ 4507567ms] [WARNING] The resource https://www.spglobal.com/etc.clientlibs/sp-aem-platform/clientlibs/platform-app/clientlib-resources/resources/fonts/webfonts/fa-duotone-900.woff2 was preloaded using link preload but not used within a few seconds from the window's load event. Please make sure it has an appropriate `as` value and it is preloaded intentionally. @ https://www.spglobal.com/ratings/en:0
[ 4507567ms] [WARNING] The resource https://www.spglobal.com/etc.clientlibs/sp-aem-platform/clientlibs/platform-app/clientlib-resources/resources/fonts/webfonts/fa-thin-100.woff2 was preloaded using link preload but not used within a few seconds from the window's load event. Please make sure it has an appropriate `as` value and it is preloaded intentionally. @ https://www.spglobal.com/ratings/en:0
[ 4507567ms] [WARNING] The resource https://www.spglobal.com/etc.clientlibs/sp-aem-platform/clientlibs/platform-app/clientlib-resources/resources/fonts/webfonts/fa-v4compatibility.woff2 was preloaded using link preload but not used within a few seconds from the window's load event. Please make sure it has an appropriate `as` value and it is preloaded intentionally. @ https://www.spglobal.com/ratings/en:0
[ 5107618ms] [WARNING] The resource https://www.spglobal.com/etc.clientlibs/sp-aem-platform/clientlibs/platform-app/clientlib-resources/resources/fonts/webfonts/fa-duotone-900.woff2 was preloaded using link preload but not used within a few seconds from the window's load event. Please make sure it has an appropriate `as` value and it is preloaded intentionally. @ https://www.spglobal.com/ratings/en:0
[ 5107618ms] [WARNING] The resource https://www.spglobal.com/etc.clientlibs/sp-aem-platform/clientlibs/platform-app/clientlib-resources/resources/fonts/webfonts/fa-thin-100.woff2 was preloaded using link preload but not used within a few seconds from the window's load event. Please make sure it has an appropriate `as` value and it is preloaded intentionally. @ https://www.spglobal.com/ratings/en:0
[ 5107618ms] [WARNING] The resource https://www.spglobal.com/etc.clientlibs/sp-aem-platform/clientlibs/platform-app/clientlib-resources/resources/fonts/webfonts/fa-v4compatibility.woff2 was preloaded using link preload but not used within a few seconds from the window's load event. Please make sure it has an appropriate `as` value and it is preloaded intentionally. @ https://www.spglobal.com/ratings/en:0
[ 5707870ms] [WARNING] The resource https://www.spglobal.com/etc.clientlibs/sp-aem-platform/clientlibs/platform-app/clientlib-resources/resources/fonts/webfonts/fa-duotone-900.woff2 was preloaded using link preload but not used within a few seconds from the window's load event. Please make sure it has an appropriate `as` value and it is preloaded intentionally. @ https://www.spglobal.com/ratings/en:0
[ 5707870ms] [WARNING] The resource https://www.spglobal.com/etc.clientlibs/sp-aem-platform/clientlibs/platform-app/clientlib-resources/resources/fonts/webfonts/fa-thin-100.woff2 was preloaded using link preload but not used within a few seconds from the window's load event. Please make sure it has an appropriate `as` value and it is preloaded intentionally. @ https://www.spglobal.com/ratings/en:0
[ 5707870ms] [WARNING] The resource https://www.spglobal.com/etc.clientlibs/sp-aem-platform/clientlibs/platform-app/clientlib-resources/resources/fonts/webfonts/fa-v4compatibility.woff2 was preloaded using link preload but not used within a few seconds from the window's load event. Please make sure it has an appropriate `as` value and it is preloaded intentionally. @ https://www.spglobal.com/ratings/en:0
[ 6307614ms] [WARNING] The resource https://www.spglobal.com/etc.clientlibs/sp-aem-platform/clientlibs/platform-app/clientlib-resources/resources/fonts/webfonts/fa-duotone-900.woff2 was preloaded using link preload but not used within a few seconds from the window's load event. Please make sure it has an appropriate `as` value and it is preloaded intentionally. @ https://www.spglobal.com/ratings/en:0
[ 6307614ms] [WARNING] The resource https://www.spglobal.com/etc.clientlibs/sp-aem-platform/clientlibs/platform-app/clientlib-resources/resources/fonts/webfonts/fa-thin-100.woff2 was preloaded using link preload but not used within a few seconds from the window's load event. Please make sure it has an appropriate `as` value and it is preloaded intentionally. @ https://www.spglobal.com/ratings/en:0
[ 6307614ms] [WARNING] The resource https://www.spglobal.com/etc.clientlibs/sp-aem-platform/clientlibs/platform-app/clientlib-resources/resources/fonts/webfonts/fa-v4compatibility.woff2 was preloaded using link preload but not used within a few seconds from the window's load event. Please make sure it has an appropriate `as` value and it is preloaded intentionally. @ https://www.spglobal.com/ratings/en:0
